2016/01/21 23:23:43 にビルドを開始しました。
     1>ノード 2 上のプロジェクト "C:\Users\kouhei\Desktop\提出用ゲームフォルダ\Zemi_Game\Zemi_Game\Zemi_Game.vcxproj" (Build ターゲット)。
     1>ClCompile:
         c:\Program Files (x86)\Microsoft Visual Studio 10.0\VC\bin\CL.exe /c /I"C:\Users\kouhei\Documents\Visual Studio 2010\Projects\Zemi_Game\DxLib_VC\プロジェクトに追加すべきファイル_VC用" /ZI /nologo /W3 /WX- /Od /Oy- /D WIN32 /D _DEBUG /D _WINDOWS /D _MBCS /Gm /EHsc /RTC1 /MTd /GS /fp:precise /Zc:wchar_t /Zc:forScope /Fo"Debug\\" /Fd"Debug\vc100.pdb" /Gd /TP /analyze- /errorReport:prompt Menu.cpp
         Menu.cpp
     1>c:\users\kouhei\desktop\提出用ゲームフォルダ\zemi_game\zemi_game\menu.cpp(160): warning C4996: 'fopen': This function or variable may be unsafe. Consider using fopen_s instead. To disable deprecation, use _CRT_SECURE_NO_WARNINGS. See online help for details.
                 c:\program files (x86)\microsoft visual studio 10.0\vc\include\stdio.h(234) : 'fopen' の宣言を確認してください。
     1>c:\users\kouhei\desktop\提出用ゲームフォルダ\zemi_game\zemi_game\menu.cpp(170): warning C4244: '引数' : 'double' から 'char' への変換です。データが失われる可能性があります。
     1>c:\users\kouhei\desktop\提出用ゲームフォルダ\zemi_game\zemi_game\menu.cpp(155): warning C4101: 'buf' : ローカル変数は 1 度も使われていません。
     1>c:\users\kouhei\desktop\提出用ゲームフォルダ\zemi_game\zemi_game\menu.cpp(192): warning C4996: 'fopen': This function or variable may be unsafe. Consider using fopen_s instead. To disable deprecation, use _CRT_SECURE_NO_WARNINGS. See online help for details.
                 c:\program files (x86)\microsoft visual studio 10.0\vc\include\stdio.h(234) : 'fopen' の宣言を確認してください。
       Link:
         c:\Program Files (x86)\Microsoft Visual Studio 10.0\VC\bin\link.exe /ERRORREPORT:PROMPT /OUT:"C:\Users\kouhei\Desktop\提出用ゲームフォルダ\Zemi_Game\Zemi_Game\Debug\Zemi_Game.exe" /INCREMENTAL /NOLOGO /LIBPATH:"C:\Users\tuis\Downloads\DxLib_VC\プロジェクトに追加すべきファイル_VC用" /LIBPATH:"C:\Users\kouhei\Documents\Visual Studio 2010\Projects\Zemi_Game\DxLib_VC\プロジェクトに追加すべきファイル_VC用" kernel32.lib user32.lib gdi32.lib winspool.lib comdlg32.lib advapi32.lib shell32.lib ole32.lib oleaut32.lib uuid.lib odbc32.lib odbccp32.lib /MANIFEST /ManifestFile:"Debug\Zemi_Game.exe.intermediate.manifest" /MANIFESTUAC:"level='asInvoker' uiAccess='false'" /DEBUG /PDB:"C:\Users\kouhei\Desktop\提出用ゲームフォルダ\Zemi_Game\Zemi_Game\Debug\Zemi_Game.pdb" /SUBSYSTEM:WINDOWS /TLBID:1 /DYNAMICBASE /NXCOMPAT /IMPLIB:"C:\Users\kouhei\Desktop\提出用ゲームフォルダ\Zemi_Game\Zemi_Game\Debug\Zemi_Game.lib" /MACHINE:X86 Debug\Zemi_Game.exe.embed.manifest.res
         Debug\Character.obj
         Debug\Clear.obj
         Debug\Enemy.obj
         Debug\Item.obj
         Debug\main.obj
         Debug\Menu.obj
         Debug\Update.obj
       Manifest:
         C:\Program Files (x86)\Microsoft SDKs\Windows\v7.0A\bin\mt.exe /nologo /verbose /out:"Debug\Zemi_Game.exe.embed.manifest" /manifest Debug\Zemi_Game.exe.intermediate.manifest
       LinkEmbedManifest:
         Zemi_Game.vcxproj -> C:\Users\kouhei\Desktop\提出用ゲームフォルダ\Zemi_Game\Zemi_Game\Debug\Zemi_Game.exe
     1>プロジェクト "C:\Users\kouhei\Desktop\提出用ゲームフォルダ\Zemi_Game\Zemi_Game\Zemi_Game.vcxproj" (Build ターゲット) のビルドが完了しました。

ビルドに成功しました。

経過時間 00:00:03.32
